#
# There is insufficient memory for the Java Runtime Environment to continue.
# Native memory allocation (malloc) failed to allocate 32744 bytes for ChunkPool::allocate
# Possible reasons:
#   The system is out of physical RAM or swap space
#   In 32 bit mode, the process size limit was hit
# Possible solutions:
#   Reduce memory load on the system
#   Increase physical memory or swap space
#   Check if swap backing store is full
#   Use 64 bit Java on a 64 bit OS
#   Decrease Java heap size (-Xmx/-Xms)
#   Decrease number of Java threads
#   Decrease Java thread stack sizes (-Xss)
#   Set larger code cache with -XX:ReservedCodeCacheSize=
# This output file may be truncated or incomplete.
#
#  Out of Memory Error (allocation.cpp:271), pid=9812, tid=4680
#
# JRE version: Java(TM) SE Runtime Environment (8.0_05-b13) (build 1.8.0_05-b13)
# Java VM: Java HotSpot(TM) 64-Bit Server VM (25.5-b02 mixed mode windows-amd64 compressed oops)
# Failed to write core dump. Minidumps are not enabled by default on client versions of Windows
#

---------------  T H R E A D  ---------------

Current thread (0x000000001446b000):  JavaThread "C1 CompilerThread2" daemon [_thread_in_native, id=4680, stack(0x0000000014960000,0x0000000014a60000)]

Stack: [0x0000000014960000,0x0000000014a60000]
Native frames: (J=compiled Java code, j=interpreted, Vv=VM code, C=native code)
V  [jvm.dll+0x308dea]


Current CompileTask:
C1:  13671  885   !   3      
[error occurred during error reporting (printing current compile task), id 0xe0000001]


---------------  P R O C E S S  ---------------

Java Threads: ( => current thread )
  0x00000000145fa800 JavaThread "Exec process Thread 2" [_thread_blocked, id=13488, stack(0x0000000015960000,0x0000000015a60000)]
  0x0000000014f36000 JavaThread "Exec process" [_thread_in_native, id=16540, stack(0x0000000015760000,0x0000000015860000)]
  0x0000000014fad000 JavaThread "pool-1-thread-1" [_thread_blocked, id=5808, stack(0x0000000015460000,0x0000000015560000)]
  0x00000000144dd000 JavaThread "Service Thread" daemon [_thread_blocked, id=9276, stack(0x0000000014a60000,0x0000000014b60000)]
=>0x000000001446b000 JavaThread "C1 CompilerThread2" daemon [_thread_in_native, id=4680, stack(0x0000000014960000,0x0000000014a60000)]
  0x0000000012e6d000 JavaThread "C2 CompilerThread1" daemon [_thread_blocked, id=11328, stack(0x0000000014860000,0x0000000014960000)]
  0x0000000012e68000 JavaThread "C2 CompilerThread0" daemon [_thread_blocked, id=12612, stack(0x0000000014360000,0x0000000014460000)]
  0x0000000012e1b000 JavaThread "Attach Listener" daemon [_thread_blocked, id=18028, stack(0x0000000014260000,0x0000000014360000)]
  0x0000000012e19800 JavaThread "Signal Dispatcher" daemon [_thread_blocked, id=17788, stack(0x0000000014160000,0x0000000014260000)]
  0x0000000002aa2000 JavaThread "Finalizer" daemon [_thread_blocked, id=7160, stack(0x0000000014060000,0x0000000014160000)]
  0x0000000002a99800 JavaThread "Reference Handler" daemon [_thread_blocked, id=13736, stack(0x0000000013f60000,0x0000000014060000)]
  0x00000000029b0800 JavaThread "main" [_thread_blocked, id=12472, stack(0x00000000028b0000,0x00000000029b0000)]

Other Threads:
  0x0000000012dd6000 VMThread [stack: 0x0000000013e60000,0x0000000013f60000] [id=14316]
  0x00000000144ef800 WatcherThread [stack: 0x0000000014b60000,0x0000000014c60000] [id=6908]

VM state:not at safepoint (normal execution)

VM Mutex/Monitor currently owned by a thread: None

Heap:
 PSYoungGen      total 18944K, used 10083K [0x00000000feb00000, 0x0000000100000000, 0x0000000100000000)
  eden space 16384K, 45% used [0x00000000feb00000,0x00000000ff25a708,0x00000000ffb00000)
  from space 2560K, 99% used [0x00000000ffd80000,0x00000000ffffe640,0x0000000100000000)
  to   space 2560K, 0% used [0x00000000ffb00000,0x00000000ffb00000,0x00000000ffd80000)
 ParOldGen       total 44032K, used 2480K [0x00000000fc000000, 0x00000000feb00000, 0x00000000feb00000)
  object space 44032K, 5% used [0x00000000fc000000,0x00000000fc26c1c8,0x00000000feb00000)
 Metaspace       used 10088K, capacity 10326K, committed 10496K, reserved 1058816K
  class space    used 1382K, capacity 1449K, committed 1536K, reserved 1048576K

Card table byte_map: [0x0000000000d30000,0x0000000000d60000] byte_map_base: 0x0000000000550000

Marking Bits: (ParMarkBitMap*) 0x00000000734813b0
 Begin Bits: [0x0000000012270000, 0x0000000012370000)
 End Bits:   [0x0000000012370000, 0x0000000012470000)

Polling page: 0x0000000000c00000

CodeCache: size=245760Kb used=3308Kb max_used=3310Kb free=242451Kb
 bounds [0x0000000002ab0000, 0x0000000002df0000, 0x0000000011ab0000]
 total_blobs=1231 nmethods=883 adapters=262
 compilation: enabled

Compilation events (10 events):
Event: 12.510 Thread 0x000000001446b000 nmethod 880 0x0000000002deb310 code [0x0000000002deb4a0, 0x0000000002deb8c8]
Event: 12.706 Thread 0x000000001446b000  881       3       java.util.LinkedHashMap$LinkedHashIterator::<init> (31 bytes)
Event: 12.707 Thread 0x000000001446b000 nmethod 881 0x0000000002deaed0 code [0x0000000002deb040, 0x0000000002deb230]
Event: 12.907 Thread 0x000000001446b000  882       3       java.lang.Character::digit (6 bytes)
Event: 12.908 Thread 0x000000001446b000 nmethod 882 0x0000000002dea9d0 code [0x0000000002deab40, 0x0000000002deadb8]
Event: 12.908 Thread 0x000000001446b000  883       3       java.lang.Character::digit (10 bytes)
Event: 12.909 Thread 0x000000001446b000 nmethod 883 0x0000000002dea550 code [0x0000000002dea6c0, 0x0000000002dea8f8]
Event: 13.608 Thread 0x000000001446b000  884       3       org.fusesource.jansi.AnsiOutputStream::reset (43 bytes)
Event: 13.609 Thread 0x000000001446b000 nmethod 884 0x0000000002dea010 code [0x0000000002dea180, 0x0000000002dea438]
Event: 13.609 Thread 0x000000001446b000  885   !   3       org.fusesource.jansi.AnsiOutputStream::processEscapeCommand (721 bytes)

GC Heap History (4 events):
Event: 3.508 GC heap before
{Heap before GC invocations=1 (full 0):
 PSYoungGen      total 18944K, used 16384K [0x00000000feb00000, 0x0000000100000000, 0x0000000100000000)
  eden space 16384K, 100% used [0x00000000feb00000,0x00000000ffb00000,0x00000000ffb00000)
  from space 2560K, 0% used [0x00000000ffd80000,0x00000000ffd80000,0x0000000100000000)
  to   space 2560K, 0% used [0x00000000ffb00000,0x00000000ffb00000,0x00000000ffd80000)
 ParOldGen       total 44032K, used 0K [0x00000000fc000000, 0x00000000feb00000, 0x00000000feb00000)
  object space 44032K, 0% used [0x00000000fc000000,0x00000000fc000000,0x00000000feb00000)
 Metaspace       used 6195K, capacity 6412K, committed 6656K, reserved 1056768K
  class space    used 807K, capacity 900K, committed 1024K, reserved 1048576K
Event: 3.521 GC heap after
Heap after GC invocations=1 (full 0):
 PSYoungGen      total 18944K, used 2531K [0x00000000feb00000, 0x0000000100000000, 0x0000000100000000)
  eden space 16384K, 0% used [0x00000000feb00000,0x00000000feb00000,0x00000000ffb00000)
  from space 2560K, 98% used [0x00000000ffb00000,0x00000000ffd78c30,0x00000000ffd80000)
  to   space 2560K, 0% used [0x00000000ffd80000,0x00000000ffd80000,0x0000000100000000)
 ParOldGen       total 44032K, used 724K [0x00000000fc000000, 0x00000000feb00000, 0x00000000feb00000)
  object space 44032K, 1% used [0x00000000fc000000,0x00000000fc0b50c0,0x00000000feb00000)
 Metaspace       used 6195K, capacity 6412K, committed 6656K, reserved 1056768K
  class space    used 807K, capacity 900K, committed 1024K, reserved 1048576K
}
Event: 6.019 GC heap before
{Heap before GC invocations=2 (full 0):
 PSYoungGen      total 18944K, used 18915K [0x00000000feb00000, 0x0000000100000000, 0x0000000100000000)
  eden space 16384K, 100% used [0x00000000feb00000,0x00000000ffb00000,0x00000000ffb00000)
  from space 2560K, 98% used [0x00000000ffb00000,0x00000000ffd78c30,0x00000000ffd80000)
  to   space 2560K, 0% used [0x00000000ffd80000,0x00000000ffd80000,0x0000000100000000)
 ParOldGen       total 44032K, used 724K [0x00000000fc000000, 0x00000000feb00000, 0x00000000feb00000)
  object space 44032K, 1% used [0x00000000fc000000,0x00000000fc0b50c0,0x00000000feb00000)
 Metaspace       used 9133K, capacity 9334K, committed 9600K, reserved 1056768K
  class space    used 1270K, capacity 1353K, committed 1408K, reserved 1048576K
Event: 6.037 GC heap after
Heap after GC invocations=2 (full 0):
 PSYoungGen      total 18944K, used 2553K [0x00000000feb00000, 0x0000000100000000, 0x0000000100000000)
  eden space 16384K, 0% used [0x00000000feb00000,0x00000000feb00000,0x00000000ffb00000)
  from space 2560K, 99% used [0x00000000ffd80000,0x00000000ffffe640,0x0000000100000000)
  to   space 2560K, 0% used [0x00000000ffb00000,0x00000000ffb00000,0x00000000ffd80000)
 ParOldGen       total 44032K, used 2480K [0x00000000fc000000, 0x00000000feb00000, 0x00000000feb00000)
  object space 44032K, 5% used [0x00000000fc000000,0x00000000fc26c1c8,0x00000000feb00000)
 Metaspace       used 9133K, capacity 9334K, committed 9600K, reserved 1056768K
  class space    used 1270K, capacity 1353K, committed 1408K, reserved 1048576K
}

Deoptimization events (5 events):
Event: 3.065 Thread 0x00000000029b0800 Uncommon trap: reason=unloaded action=reinterpret pc=0x0000000002ca9c94 method=sun.misc.URLClassPath$JarLoader.getResource(Ljava/lang/String;Z)Lsun/misc/Resource; @ 67
Event: 4.607 Thread 0x00000000029b0800 Uncommon trap: reason=unreached action=reinterpret pc=0x0000000002d2e4f0 method=java.util.HashMap.hash(Ljava/lang/Object;)I @ 1
Event: 4.974 Thread 0x00000000029b0800 Uncommon trap: reason=bimorphic action=maybe_recompile pc=0x0000000002d77450 method=java.util.HashMap.putVal(ILjava/lang/Object;Ljava/lang/Object;ZZ)Ljava/lang/Object; @ 203
Event: 9.013 Thread 0x0000000014f36000 Uncommon trap: reason=bimorphic action=maybe_recompile pc=0x0000000002d77450 method=java.util.HashMap.putVal(ILjava/lang/Object;Ljava/lang/Object;ZZ)Ljava/lang/Object; @ 203
Event: 9.013 Thread 0x0000000014f36000 Uncommon trap: reason=bimorphic action=maybe_recompile pc=0x0000000002d77450 method=java.util.HashMap.putVal(ILjava/lang/Object;Ljava/lang/Object;ZZ)Ljava/lang/Object; @ 203

Internal exceptions (10 events):
Event: 8.992 Thread 0x0000000014f36000 Exception <a 'java/security/PrivilegedActionException'> (0x00000000ff1df500) thrown at [D:\re\workspace\8-2-build-windows-amd64-cygwin\jdk8u5\2488\hotspot\src\share\vm\prims\jvm.cpp, line 1248]
Event: 8.992 Thread 0x0000000014f36000 Exception <a 'java/security/PrivilegedActionException'> (0x00000000ff1dfd28) thrown at [D:\re\workspace\8-2-build-windows-amd64-cygwin\jdk8u5\2488\hotspot\src\share\vm\prims\jvm.cpp, line 1248]
Event: 8.994 Thread 0x0000000014f36000 Exception <a 'java/security/PrivilegedActionException'> (0x00000000ff1e3700) thrown at [D:\re\workspace\8-2-build-windows-amd64-cygwin\jdk8u5\2488\hotspot\src\share\vm\prims\jvm.cpp, line 1248]
Event: 8.994 Thread 0x0000000014f36000 Exception <a 'java/security/PrivilegedActionException'> (0x00000000ff1e3e68) thrown at [D:\re\workspace\8-2-build-windows-amd64-cygwin\jdk8u5\2488\hotspot\src\share\vm\prims\jvm.cpp, line 1248]
Event: 8.997 Thread 0x0000000014f36000 Exception <a 'java/security/PrivilegedActionException'> (0x00000000ff1e8440) thrown at [D:\re\workspace\8-2-build-windows-amd64-cygwin\jdk8u5\2488\hotspot\src\share\vm\prims\jvm.cpp, line 1248]
Event: 8.997 Thread 0x0000000014f36000 Exception <a 'java/security/PrivilegedActionException'> (0x00000000ff1e8c70) thrown at [D:\re\workspace\8-2-build-windows-amd64-cygwin\jdk8u5\2488\hotspot\src\share\vm\prims\jvm.cpp, line 1248]
Event: 9.007 Thread 0x0000000014f36000 Exception <a 'java/security/PrivilegedActionException'> (0x00000000ff1ed770) thrown at [D:\re\workspace\8-2-build-windows-amd64-cygwin\jdk8u5\2488\hotspot\src\share\vm\prims\jvm.cpp, line 1248]
Event: 9.007 Thread 0x0000000014f36000 Exception <a 'java/security/PrivilegedActionException'> (0x00000000ff1ee008) thrown at [D:\re\workspace\8-2-build-windows-amd64-cygwin\jdk8u5\2488\hotspot\src\share\vm\prims\jvm.cpp, line 1248]
Event: 9.009 Thread 0x0000000014f36000 Exception <a 'java/security/PrivilegedActionException'> (0x00000000ff1f2770) thrown at [D:\re\workspace\8-2-build-windows-amd64-cygwin\jdk8u5\2488\hotspot\src\share\vm\prims\jvm.cpp, line 1248]
Event: 9.009 Thread 0x0000000014f36000 Exception <a 'java/security/PrivilegedActionException'> (0x00000000ff1f3120) thrown at [D:\re\workspace\8-2-build-windows-amd64-cygwin\jdk8u5\2488\hotspot\src\share\vm\prims\jvm.cpp, line 1248]

Events (10 events):
Event: 9.027 loading class java/text/DecimalFormat
Event: 9.029 loading class java/text/DecimalFormat done
Event: 9.030 loading class java/text/FieldPosition
Event: 9.030 loading class java/text/FieldPosition done
Event: 9.031 loading class java/text/DigitList
Event: 9.031 loading class java/text/DigitList done
Event: 9.032 loading class java/math/RoundingMode
Event: 9.032 loading class java/math/RoundingMode done
Event: 9.033 Executing VM operation: RevokeBias
Event: 9.033 Executing VM operation: RevokeBias done


Dynamic libraries:
0x00007ff7aada0000 - 0x00007ff7aadd4000 	C:\WINDOWS\system32\java.exe
0x00007ffd61310000 - 0x00007ffd614bd000 	C:\WINDOWS\SYSTEM32\ntdll.dll
0x00007ffd611d0000 - 0x00007ffd6130f000 	C:\WINDOWS\system32\KERNEL32.DLL
0x00007ffd5e820000 - 0x00007ffd5e935000 	C:\WINDOWS\system32\KERNELBASE.dll
0x00007ffd5d000000 - 0x00007ffd5d08e000 	C:\WINDOWS\system32\apphelp.dll
0x00007ffd47970000 - 0x00007ffd479c5000 	C:\WINDOWS\AppPatch\AppPatch64\AcGenral.DLL
0x00007ffd5ecb0000 - 0x00007ffd5ed5a000 	C:\WINDOWS\system32\msvcrt.dll
0x00007ffd5e500000 - 0x00007ffd5e52e000 	C:\WINDOWS\system32\SspiCli.dll
0x00007ffd60970000 - 0x00007ffd609c4000 	C:\WINDOWS\system32\SHLWAPI.dll
0x00007ffd5eb30000 - 0x00007ffd5eca7000 	C:\WINDOWS\system32\USER32.dll
0x00007ffd607c0000 - 0x00007ffd60955000 	C:\WINDOWS\system32\ole32.dll
0x00007ffd5ed60000 - 0x00007ffd6028e000 	C:\WINDOWS\system32\SHELL32.dll
0x00007ffd5daf0000 - 0x00007ffd5db11000 	C:\WINDOWS\system32\USERENV.dll
0x00007ffd5e990000 - 0x00007ffd5ea3a000 	C:\WINDOWS\system32\ADVAPI32.dll
0x00007ffd4ded0000 - 0x00007ffd4deee000 	C:\WINDOWS\system32\MPR.dll
0x00007ffd60660000 - 0x00007ffd607a0000 	C:\WINDOWS\system32\RPCRT4.dll
0x00007ffd60c60000 - 0x00007ffd60cb8000 	C:\WINDOWS\SYSTEM32\sechost.dll
0x00007ffd60dd0000 - 0x00007ffd60fe1000 	C:\WINDOWS\SYSTEM32\combase.dll
0x00007ffd60290000 - 0x00007ffd603dd000 	C:\WINDOWS\system32\GDI32.dll
0x00007ffd5e430000 - 0x00007ffd5e445000 	C:\WINDOWS\system32\profapi.dll
0x00007ffd5c740000 - 0x00007ffd5c7f2000 	C:\WINDOWS\system32\SHCORE.dll
0x00007ffd60d90000 - 0x00007ffd60dc6000 	C:\WINDOWS\system32\IMM32.DLL
0x00007ffd60b00000 - 0x00007ffd60c51000 	C:\WINDOWS\system32\MSCTF.dll
0x00007ffd5bfb0000 - 0x00007ffd5c22b000 	C:\WINDOWS\WinSxS\amd64_microsoft.windows.common-controls_6595b64144ccf1df_6.0.9600.19394_none_62486577ecb635cf\COMCTL32.dll
0x0000000073500000 - 0x00000000735d2000 	C:\Java\jre8\bin\msvcr100.dll
0x0000000072cd0000 - 0x00000000734fa000 	C:\Java\jre8\bin\server\jvm.dll
0x00007ffd541b0000 - 0x00007ffd541b9000 	C:\WINDOWS\system32\WSOCK32.dll
0x00007ffd56730000 - 0x00007ffd56752000 	C:\WINDOWS\system32\WINMM.dll
0x00007ffd5ea50000 - 0x00007ffd5ea57000 	C:\WINDOWS\system32\PSAPI.DLL
0x00007ffd5eac0000 - 0x00007ffd5eb1a000 	C:\WINDOWS\system32\WS2_32.dll
0x00007ffd56700000 - 0x00007ffd5672a000 	C:\WINDOWS\system32\WINMMBASE.dll
0x00007ffd5ea40000 - 0x00007ffd5ea49000 	C:\WINDOWS\system32\NSI.dll
0x00007ffd5e940000 - 0x00007ffd5e98f000 	C:\WINDOWS\SYSTEM32\cfgmgr32.dll
0x00007ffd5d310000 - 0x00007ffd5d338000 	C:\WINDOWS\system32\DEVOBJ.dll
0x0000000074370000 - 0x000000007437f000 	C:\Java\jre8\bin\verify.dll
0x0000000072ca0000 - 0x0000000072cc8000 	C:\Java\jre8\bin\java.dll
0x0000000072c80000 - 0x0000000072c96000 	C:\Java\jre8\bin\zip.dll
0x0000000072c60000 - 0x0000000072c7a000 	C:\JAVA\jre8\bin\net.dll
0x00007ffd5dc70000 - 0x00007ffd5dcc9000 	C:\WINDOWS\system32\mswsock.dll
0x0000000072c40000 - 0x0000000072c51000 	C:\JAVA\jre8\bin\nio.dll
0x00007ffd54bc0000 - 0x00007ffd54bde000 	C:\Users\pc\.gradle\native\25\windows-amd64\native-platform.dll
0x00007ffd52940000 - 0x00007ffd5294a000 	C:\Users\pc\.gradle\native\jansi\1.14\windows64\jansi.dll
0x0000000074360000 - 0x000000007436d000 	C:\JAVA\jre8\bin\management.dll
0x00007ffd5dcd0000 - 0x00007ffd5dcf0000 	C:\WINDOWS\system32\CRYPTSP.dll
0x00007ffd5d840000 - 0x00007ffd5d876000 	C:\WINDOWS\system32\rsaenh.dll
0x00007ffd5df10000 - 0x00007ffd5df36000 	C:\WINDOWS\system32\bcrypt.dll
0x00007ffd5e230000 - 0x00007ffd5e293000 	C:\WINDOWS\system32\bcryptprimitives.dll
0x00007ffd5e300000 - 0x00007ffd5e30b000 	C:\WINDOWS\system32\CRYPTBASE.dll
0x00007ffd587e0000 - 0x00007ffd5880a000 	C:\WINDOWS\system32\IPHLPAPI.DLL
0x00007ffd587d0000 - 0x00007ffd587da000 	C:\WINDOWS\system32\WINNSI.DLL
0x00007ffd58080000 - 0x00007ffd58096000 	C:\WINDOWS\system32\dhcpcsvc6.DLL
0x00007ffd582d0000 - 0x00007ffd582ea000 	C:\WINDOWS\system32\dhcpcsvc.DLL

VM Arguments:
jvm_args: -Xmx64m -Xms64m -Dorg.gradle.appname=gradlew 
java_command: org.gradle.wrapper.GradleWrapperMain wrapper ?gradle-version 4.10.2
java_class_path (initial): C:\Users\pc\IdeaProjects\LunchMenu\\gradle\wrapper\gradle-wrapper.jar
Launcher Type: SUN_STANDARD

Environment Variables:
CLASSPATH=C:\Users\pc\IdeaProjects\LunchMenu\\gradle\wrapper\gradle-wrapper.jar
PATH=C:\ProgramData\Anaconda3;C:\ProgramData\Anaconda3\Library\mingw-w64\bin;C:\ProgramData\Anaconda3\Library\usr\bin;C:\ProgramData\Anaconda3\Library\bin;C:\ProgramData\Anaconda3\Scripts;C:\Program Files (x86)\NAT Service;C:\oraclexe\app\oracle\product\11.2.0\server\bin;C:\Program Files (x86)\Wizvera\Delfino;C:\Program Files (x86)\Intel\iCLS Client\;C:\Program Files\Intel\iCLS Client\;C:\WINDOWS\system32;C:\WINDOWS;C:\WINDOWS\System32\Wbem;C:\WINDOWS\System32\WindowsPowerShell\v1.0\;C:\Program Files (x86)\Intel\OpenCL SDK\2.0\bin\x86;C:\Program Files (x86)\Intel\OpenCL SDK\2.0\bin\x64;C:\Program Files (x86)\Windows Live\Shared;C:\Program Files\Condusiv Technologies\IntelliMemory\;C:\Program Files\Intel\WiFi\bin\;C:\Program Files\Common Files\Intel\WirelessCommon\;C:\Program Files\Intel\Intel(R) Management Engine Components\DAL;C:\Program Files\Intel\Intel(R) Management Engine Components\IPT;C:\Program Files (x86)\Intel\Intel(R) Management Engine Components\DAL;C:\Program Files (x86)\Intel\Intel(R) Management Engine Components\IPT;C:\Program Files\Microsoft VS Code\bin;C:\Program Files\Git\cmd;
USERNAME=pc
OS=Windows_NT
PROCESSOR_IDENTIFIER=Intel64 Family 6 Model 58 Stepping 9, GenuineIntel



---------------  S Y S T E M  ---------------

OS: Windows 8.1 , 64 bit Build 9600 

CPU:total 4 (2 cores per cpu, 2 threads per core) family 6 model 58 stepping 9, cmov, cx8, fxsr, mmx, sse, sse2, sse3, ssse3, sse4.1, sse4.2, popcnt, avx, clmul, erms, ht, tsc, tscinvbit

Memory: 4k page, physical 3806752k(407292k free), swap 6952484k(5096k free)

vm_info: Java HotSpot(TM) 64-Bit Server VM (25.5-b02) for windows-amd64 JRE (1.8.0_05-b13), built on Mar 18 2014 01:08:39 by "java_re" with MS VC++ 10.0 (VS2010)

time: Sun Dec 06 22:12:26 2020
elapsed time: 13 seconds

