#
# There is insufficient memory for the Java Runtime Environment to continue.
# Native memory allocation (malloc) failed to allocate 290976 bytes for Chunk::new
# Possible reasons:
#   The system is out of physical RAM or swap space
#   In 32 bit mode, the process size limit was hit
# Possible solutions:
#   Reduce memory load on the system
#   Increase physical memory or swap space
#   Check if swap backing store is full
#   Use 64 bit Java on a 64 bit OS
#   Decrease Java heap size (-Xmx/-Xms)
#   Decrease number of Java threads
#   Decrease Java thread stack sizes (-Xss)
#   Set larger code cache with -XX:ReservedCodeCacheSize=
# This output file may be truncated or incomplete.
#
#  Out of Memory Error (allocation.cpp:388), pid=11448, tid=4684
#
# JRE version: Java(TM) SE Runtime Environment (8.0_05-b13) (build 1.8.0_05-b13)
# Java VM: Java HotSpot(TM) 64-Bit Server VM (25.5-b02 mixed mode windows-amd64 compressed oops)
# Failed to write core dump. Minidumps are not enabled by default on client versions of Windows
#

---------------  T H R E A D  ---------------

Current thread (0x000000001481b800):  JavaThread "C2 CompilerThread1" daemon [_thread_in_native, id=4684, stack(0x0000000016360000,0x0000000016460000)]

Stack: [0x0000000016360000,0x0000000016460000]
Native frames: (J=compiled Java code, j=interpreted, Vv=VM code, C=native code)
V  [jvm.dll+0x308dea]


Current CompileTask:
C2:   8121 1413   !   4       sun.misc.URLClassPath$JarLoader::getResource (85 bytes)


---------------  P R O C E S S  ---------------

Java Threads: ( => current thread )
  0x000000001770b800 JavaThread "background-preinit" [_thread_blocked, id=13132, stack(0x0000000016790000,0x0000000016890000)]
  0x0000000015be6800 JavaThread "Service Thread" daemon [_thread_blocked, id=3596, stack(0x0000000016590000,0x0000000016690000)]
  0x0000000015be2000 JavaThread "C1 CompilerThread2" daemon [_thread_blocked, id=8604, stack(0x0000000016460000,0x0000000016560000)]
=>0x000000001481b800 JavaThread "C2 CompilerThread1" daemon [_thread_in_native, id=4684, stack(0x0000000016360000,0x0000000016460000)]
  0x0000000014814800 JavaThread "C2 CompilerThread0" daemon [_thread_in_native, id=11732, stack(0x0000000016260000,0x0000000016360000)]
  0x0000000014813000 JavaThread "Monitor Ctrl-Break" daemon [_thread_in_native, id=1432, stack(0x0000000016160000,0x0000000016260000)]
  0x00000000147e1000 JavaThread "Attach Listener" daemon [_thread_blocked, id=6028, stack(0x0000000016050000,0x0000000016150000)]
  0x0000000015b93800 JavaThread "Signal Dispatcher" daemon [_thread_blocked, id=7464, stack(0x0000000015f50000,0x0000000016050000)]
  0x0000000002449000 JavaThread "Finalizer" daemon [_thread_blocked, id=8660, stack(0x0000000015a40000,0x0000000015b40000)]
  0x000000000243e000 JavaThread "Reference Handler" daemon [_thread_blocked, id=8548, stack(0x0000000015940000,0x0000000015a40000)]
  0x0000000002356000 JavaThread "main" [_thread_blocked, id=10416, stack(0x0000000002110000,0x0000000002210000)]

Other Threads:
  0x0000000014786000 VMThread [stack: 0x0000000015840000,0x0000000015940000] [id=10208]
  0x0000000015c4f800 WatcherThread [stack: 0x0000000016690000,0x0000000016790000] [id=12144]

VM state:at safepoint (normal execution)

VM Mutex/Monitor currently owned by a thread:  ([mutex/lock_event])
[0x000000000223e450] Threads_lock - owner thread: 0x0000000014786000
[0x000000000223e050] Heap_lock - owner thread: 0x0000000002356000

Heap:
 PSYoungGen      total 30208K, used 224K [0x00000000eca00000, 0x00000000ee980000, 0x0000000100000000)
  eden space 28160K, 0% used [0x00000000eca00000,0x00000000eca00000,0x00000000ee580000)
  from space 2048K, 10% used [0x00000000ee780000,0x00000000ee7b8000,0x00000000ee980000)
  to   space 2048K, 0% used [0x00000000ee580000,0x00000000ee580000,0x00000000ee780000)
 ParOldGen       total 59904K, used 5578K [0x00000000c5e00000, 0x00000000c9880000, 0x00000000eca00000)
  object space 59904K, 9% used [0x00000000c5e00000,0x00000000c63728b8,0x00000000c9880000)
 Metaspace       used 16678K, capacity 17082K, committed 17280K, reserved 1071104K
  class space    used 2232K, capacity 2327K, committed 2432K, reserved 1048576K

Card table byte_map: [0x0000000011810000,0x00000000119f0000] byte_map_base: 0x00000000111e1000

Marking Bits: (ParMarkBitMap*) 0x00000000666513b0
 Begin Bits: [0x0000000011f30000, 0x0000000012db8000)
 End Bits:   [0x0000000012db8000, 0x0000000013c40000)

Polling page: 0x00000000005b0000

CodeCache: size=245760Kb used=4830Kb max_used=4830Kb free=240929Kb
 bounds [0x0000000002450000, 0x0000000002910000, 0x0000000011450000]
 total_blobs=1807 nmethods=1449 adapters=272
 compilation: enabled

Compilation events (10 events):
Event: 7.623 Thread 0x0000000015be2000 1410       3       java.util.Collections$EmptyMap::entrySet (4 bytes)
Event: 7.623 Thread 0x0000000015be2000 nmethod 1410 0x00000000028ec5d0 code [0x00000000028ec740, 0x00000000028ec8f0]
Event: 7.647 Thread 0x000000001481b800 1411   !   4       java.util.zip.Inflater::inflate (113 bytes)
Event: 7.648 Thread 0x0000000014814800 1412       4       sun.reflect.annotation.AnnotationInvocationHandler::invoke (193 bytes)
Event: 7.651 Thread 0x000000001481b800 nmethod 1411 0x00000000028ebe10 code [0x00000000028ebf60, 0x00000000028ec3a8]
Event: 7.655 Thread 0x000000001481b800 1413   !   4       sun.misc.URLClassPath$JarLoader::getResource (85 bytes)
Event: 7.672 Thread 0x0000000015be2000 1415       3       java.util.zip.ZipEntry::<init> (146 bytes)
Event: 7.673 Thread 0x0000000015be2000 nmethod 1415 0x00000000028efed0 code [0x00000000028f0040, 0x00000000028f0428]
Event: 7.673 Thread 0x0000000014814800 nmethod 1412 0x00000000028f3e10 code [0x00000000028f4000, 0x00000000028f4c40]
Event: 7.673 Thread 0x0000000014814800 1414   !   4       java.util.WeakHashMap::expungeStaleEntries (139 bytes)

GC Heap History (10 events):
Event: 5.093 GC heap before
{Heap before GC invocations=12 (full 0):
 PSYoungGen      total 7680K, used 7511K [0x00000000eca00000, 0x00000000ed680000, 0x0000000100000000)
  eden space 6656K, 100% used [0x00000000eca00000,0x00000000ed080000,0x00000000ed080000)
  from space 1024K, 83% used [0x00000000ed080000,0x00000000ed155ea8,0x00000000ed180000)
  to   space 1024K, 0% used [0x00000000ed580000,0x00000000ed580000,0x00000000ed680000)
 ParOldGen       total 59904K, used 2031K [0x00000000c5e00000, 0x00000000c9880000, 0x00000000eca00000)
  object space 59904K, 3% used [0x00000000c5e00000,0x00000000c5ffbf00,0x00000000c9880000)
 Metaspace       used 7949K, capacity 8134K, committed 8192K, reserved 1056768K
  class space    used 938K, capacity 971K, committed 1024K, reserved 1048576K
Event: 5.099 GC heap after
Heap after GC invocations=12 (full 0):
 PSYoungGen      total 11776K, used 784K [0x00000000eca00000, 0x00000000ed680000, 0x0000000100000000)
  eden space 10752K, 0% used [0x00000000eca00000,0x00000000eca00000,0x00000000ed480000)
  from space 1024K, 76% used [0x00000000ed580000,0x00000000ed644240,0x00000000ed680000)
  to   space 1024K, 0% used [0x00000000ed480000,0x00000000ed480000,0x00000000ed580000)
 ParOldGen       total 59904K, used 2271K [0x00000000c5e00000, 0x00000000c9880000, 0x00000000eca00000)
  object space 59904K, 3% used [0x00000000c5e00000,0x00000000c6037f00,0x00000000c9880000)
 Metaspace       used 7949K, capacity 8134K, committed 8192K, reserved 1056768K
  class space    used 938K, capacity 971K, committed 1024K, reserved 1048576K
}
Event: 5.626 GC heap before
{Heap before GC invocations=13 (full 0):
 PSYoungGen      total 11776K, used 11536K [0x00000000eca00000, 0x00000000ed680000, 0x0000000100000000)
  eden space 10752K, 100% used [0x00000000eca00000,0x00000000ed480000,0x00000000ed480000)
  from space 1024K, 76% used [0x00000000ed580000,0x00000000ed644240,0x00000000ed680000)
  to   space 1024K, 0% used [0x00000000ed480000,0x00000000ed480000,0x00000000ed580000)
 ParOldGen       total 59904K, used 2271K [0x00000000c5e00000, 0x00000000c9880000, 0x00000000eca00000)
  object space 59904K, 3% used [0x00000000c5e00000,0x00000000c6037f00,0x00000000c9880000)
 Metaspace       used 9315K, capacity 9576K, committed 9728K, reserved 1058816K
  class space    used 1114K, capacity 1190K, committed 1280K, reserved 1048576K
Event: 5.629 GC heap after
Heap after GC invocations=13 (full 0):
 PSYoungGen      total 11776K, used 1001K [0x00000000eca00000, 0x00000000ede00000, 0x0000000100000000)
  eden space 10752K, 0% used [0x00000000eca00000,0x00000000eca00000,0x00000000ed480000)
  from space 1024K, 97% used [0x00000000ed480000,0x00000000ed57a7b8,0x00000000ed580000)
  to   space 1536K, 0% used [0x00000000edc80000,0x00000000edc80000,0x00000000ede00000)
 ParOldGen       total 59904K, used 2606K [0x00000000c5e00000, 0x00000000c9880000, 0x00000000eca00000)
  object space 59904K, 4% used [0x00000000c5e00000,0x00000000c608b9a0,0x00000000c9880000)
 Metaspace       used 9315K, capacity 9576K, committed 9728K, reserved 1058816K
  class space    used 1114K, capacity 1190K, committed 1280K, reserved 1048576K
}
Event: 6.122 GC heap before
{Heap before GC invocations=14 (full 0):
 PSYoungGen      total 11776K, used 11753K [0x00000000eca00000, 0x00000000ede00000, 0x0000000100000000)
  eden space 10752K, 100% used [0x00000000eca00000,0x00000000ed480000,0x00000000ed480000)
  from space 1024K, 97% used [0x00000000ed480000,0x00000000ed57a7b8,0x00000000ed580000)
  to   space 1536K, 0% used [0x00000000edc80000,0x00000000edc80000,0x00000000ede00000)
 ParOldGen       total 59904K, used 2606K [0x00000000c5e00000, 0x00000000c9880000, 0x00000000eca00000)
  object space 59904K, 4% used [0x00000000c5e00000,0x00000000c608b9a0,0x00000000c9880000)
 Metaspace       used 10408K, capacity 10694K, committed 10880K, reserved 1058816K
  class space    used 1262K, capacity 1327K, committed 1408K, reserved 1048576K
Event: 6.125 GC heap after
Heap after GC invocations=14 (full 0):
 PSYoungGen      total 18944K, used 1098K [0x00000000eca00000, 0x00000000ede00000, 0x0000000100000000)
  eden space 17408K, 0% used [0x00000000eca00000,0x00000000eca00000,0x00000000edb00000)
  from space 1536K, 71% used [0x00000000edc80000,0x00000000edd92bb8,0x00000000ede00000)
  to   space 1536K, 0% used [0x00000000edb00000,0x00000000edb00000,0x00000000edc80000)
 ParOldGen       total 59904K, used 2910K [0x00000000c5e00000, 0x00000000c9880000, 0x00000000eca00000)
  object space 59904K, 4% used [0x00000000c5e00000,0x00000000c60d79c0,0x00000000c9880000)
 Metaspace       used 10408K, capacity 10694K, committed 10880K, reserved 1058816K
  class space    used 1262K, capacity 1327K, committed 1408K, reserved 1048576K
}
Event: 6.831 GC heap before
{Heap before GC invocations=15 (full 0):
 PSYoungGen      total 18944K, used 18506K [0x00000000eca00000, 0x00000000ede00000, 0x0000000100000000)
  eden space 17408K, 100% used [0x00000000eca00000,0x00000000edb00000,0x00000000edb00000)
  from space 1536K, 71% used [0x00000000edc80000,0x00000000edd92bb8,0x00000000ede00000)
  to   space 1536K, 0% used [0x00000000edb00000,0x00000000edb00000,0x00000000edc80000)
 ParOldGen       total 59904K, used 2910K [0x00000000c5e00000, 0x00000000c9880000, 0x00000000eca00000)
  object space 59904K, 4% used [0x00000000c5e00000,0x00000000c60d79c0,0x00000000c9880000)
 Metaspace       used 13034K, capacity 13408K, committed 13568K, reserved 1060864K
  class space    used 1588K, capacity 1670K, committed 1792K, reserved 1048576K
Event: 6.836 GC heap after
Heap after GC invocations=15 (full 0):
 PSYoungGen      total 18944K, used 1529K [0x00000000eca00000, 0x00000000ee980000, 0x0000000100000000)
  eden space 17408K, 0% used [0x00000000eca00000,0x00000000eca00000,0x00000000edb00000)
  from space 1536K, 99% used [0x00000000edb00000,0x00000000edc7e5b8,0x00000000edc80000)
  to   space 2048K, 0% used [0x00000000ee780000,0x00000000ee780000,0x00000000ee980000)
 ParOldGen       total 59904K, used 3364K [0x00000000c5e00000, 0x00000000c9880000, 0x00000000eca00000)
  object space 59904K, 5% used [0x00000000c5e00000,0x00000000c6149328,0x00000000c9880000)
 Metaspace       used 13034K, capacity 13408K, committed 13568K, reserved 1060864K
  class space    used 1588K, capacity 1670K, committed 1792K, reserved 1048576K
}
Event: 7.239 GC heap before
{Heap before GC invocations=16 (full 0):
 PSYoungGen      total 18944K, used 18937K [0x00000000eca00000, 0x00000000ee980000, 0x0000000100000000)
  eden space 17408K, 100% used [0x00000000eca00000,0x00000000edb00000,0x00000000edb00000)
  from space 1536K, 99% used [0x00000000edb00000,0x00000000edc7e5b8,0x00000000edc80000)
  to   space 2048K, 0% used [0x00000000ee780000,0x00000000ee780000,0x00000000ee980000)
 ParOldGen       total 59904K, used 3364K [0x00000000c5e00000, 0x00000000c9880000, 0x00000000eca00000)
  object space 59904K, 5% used [0x00000000c5e00000,0x00000000c6149328,0x00000000c9880000)
 Metaspace       used 14548K, capacity 14974K, committed 15360K, reserved 1062912K
  class space    used 1868K, capacity 1955K, committed 2048K, reserved 1048576K
Event: 7.245 GC heap after
Heap after GC invocations=16 (full 0):
 PSYoungGen      total 30208K, used 1513K [0x00000000eca00000, 0x00000000ee980000, 0x0000000100000000)
  eden space 28160K, 0% used [0x00000000eca00000,0x00000000eca00000,0x00000000ee580000)
  from space 2048K, 73% used [0x00000000ee780000,0x00000000ee8fa7b0,0x00000000ee980000)
  to   space 2048K, 0% used [0x00000000ee580000,0x00000000ee580000,0x00000000ee780000)
 ParOldGen       total 59904K, used 3892K [0x00000000c5e00000, 0x00000000c9880000, 0x00000000eca00000)
  object space 59904K, 6% used [0x00000000c5e00000,0x00000000c61cd328,0x00000000c9880000)
 Metaspace       used 14548K, capacity 14974K, committed 15360K, reserved 1062912K
  class space    used 1868K, capacity 1955K, committed 2048K, reserved 1048576K
}

Deoptimization events (10 events):
Event: 5.063 Thread 0x0000000002356000 Uncommon trap: reason=bimorphic action=maybe_recompile pc=0x0000000002746368 method=java.util.HashMap.putVal(ILjava/lang/Object;Ljava/lang/Object;ZZ)Ljava/lang/Object; @ 253
Event: 5.063 Thread 0x0000000002356000 Uncommon trap: reason=bimorphic action=maybe_recompile pc=0x0000000002746368 method=java.util.HashMap.putVal(ILjava/lang/Object;Ljava/lang/Object;ZZ)Ljava/lang/Object; @ 253
Event: 5.063 Thread 0x0000000002356000 Uncommon trap: reason=bimorphic action=maybe_recompile pc=0x0000000002746368 method=java.util.HashMap.putVal(ILjava/lang/Object;Ljava/lang/Object;ZZ)Ljava/lang/Object; @ 253
Event: 5.518 Thread 0x0000000002356000 Uncommon trap: reason=bimorphic action=maybe_recompile pc=0x00000000027c403c method=java.util.HashMap.putVal(ILjava/lang/Object;Ljava/lang/Object;ZZ)Ljava/lang/Object; @ 203
Event: 5.910 Thread 0x0000000002356000 Uncommon trap: reason=range_check action=make_not_entrant pc=0x00000000026b73a0 method=sun.reflect.generics.parser.SignatureParser.current()C @ 34
Event: 6.253 Thread 0x0000000002356000 Uncommon trap: reason=unreached action=reinterpret pc=0x000000000273e230 method=java.util.HashMap.hash(Ljava/lang/Object;)I @ 1
Event: 6.253 Thread 0x0000000002356000 Uncommon trap: reason=unreached action=reinterpret pc=0x0000000002710368 method=java.util.HashMap.hash(Ljava/lang/Object;)I @ 1
Event: 6.737 Thread 0x0000000002356000 Uncommon trap: reason=unreached action=reinterpret pc=0x0000000002844764 method=java.net.URLStreamHandler.parseURL(Ljava/net/URL;Ljava/lang/String;II)V @ 682
Event: 7.312 Thread 0x0000000002356000 Uncommon trap: reason=unreached action=reinterpret pc=0x00000000028112f4 method=java.net.URL.<init>(Ljava/net/URL;Ljava/lang/String;Ljava/net/URLStreamHandler;)V @ 347
Event: 7.655 Thread 0x0000000002356000 Uncommon trap: reason=null_assert action=make_not_entrant pc=0x0000000002742a08 method=java.util.zip.ZipEntry.<init>(Ljava/util/zip/ZipEntry;)V @ 70

Internal exceptions (10 events):
Event: 7.674 Thread 0x0000000002356000 Exception <a 'java/security/PrivilegedActionException'> (0x00000000edf6e3e8) thrown at [D:\re\workspace\8-2-build-windows-amd64-cygwin\jdk8u5\2488\hotspot\src\share\vm\prims\jvm.cpp, line 1248]
Event: 7.674 Thread 0x000000001770b800 Exception <a 'java/security/PrivilegedActionException'> (0x00000000edf5d4b0) thrown at [D:\re\workspace\8-2-build-windows-amd64-cygwin\jdk8u5\2488\hotspot\src\share\vm\prims\jvm.cpp, line 1248]
Event: 7.675 Thread 0x0000000002356000 Exception <a 'java/security/PrivilegedActionException'> (0x00000000edf79f38) thrown at [D:\re\workspace\8-2-build-windows-amd64-cygwin\jdk8u5\2488\hotspot\src\share\vm\prims\jvm.cpp, line 1248]
Event: 7.675 Thread 0x000000001770b800 Exception <a 'java/security/PrivilegedActionException'> (0x00000000edfd0da8) thrown at [D:\re\workspace\8-2-build-windows-amd64-cygwin\jdk8u5\2488\hotspot\src\share\vm\prims\jvm.cpp, line 1248]
Event: 7.677 Thread 0x000000001770b800 Exception <a 'java/security/PrivilegedActionException'> (0x00000000edfd8758) thrown at [D:\re\workspace\8-2-build-windows-amd64-cygwin\jdk8u5\2488\hotspot\src\share\vm\prims\jvm.cpp, line 1248]
Event: 7.678 Thread 0x0000000002356000 Exception <a 'java/security/PrivilegedActionException'> (0x00000000edf8a840) thrown at [D:\re\workspace\8-2-build-windows-amd64-cygwin\jdk8u5\2488\hotspot\src\share\vm\prims\jvm.cpp, line 1248]
Event: 7.679 Thread 0x000000001770b800 Exception <a 'java/security/PrivilegedActionException'> (0x00000000edfe3890) thrown at [D:\re\workspace\8-2-build-windows-amd64-cygwin\jdk8u5\2488\hotspot\src\share\vm\prims\jvm.cpp, line 1248]
Event: 7.679 Thread 0x0000000002356000 Exception <a 'java/security/PrivilegedActionException'> (0x00000000edf96ea0) thrown at [D:\re\workspace\8-2-build-windows-amd64-cygwin\jdk8u5\2488\hotspot\src\share\vm\prims\jvm.cpp, line 1248]
Event: 7.680 Thread 0x000000001770b800 Exception <a 'java/security/PrivilegedActionException'> (0x00000000edfeaf70) thrown at [D:\re\workspace\8-2-build-windows-amd64-cygwin\jdk8u5\2488\hotspot\src\share\vm\prims\jvm.cpp, line 1248]
Event: 7.681 Thread 0x0000000002356000 Exception <a 'java/security/PrivilegedActionException'> (0x00000000edfac518) thrown at [D:\re\workspace\8-2-build-windows-amd64-cygwin\jdk8u5\2488\hotspot\src\share\vm\prims\jvm.cpp, line 1248]

Events (10 events):
Event: 7.677 loading class org/springframework/boot/context/ConfigurationWarningsApplicationContextInitializer$Check
Event: 7.677 loading class org/springframework/boot/context/ConfigurationWarningsApplicationContextInitializer$Check done
Event: 7.679 loading class org/hibernate/validator/internal/util/TypeResolutionHelper
Event: 7.679 loading class org/hibernate/validator/internal/util/TypeResolutionHelper done
Event: 7.679 loading class org/springframework/boot/context/ConfigurationWarningsApplicationContextInitializer$ComponentScanPackageCheck
Event: 7.679 loading class org/springframework/boot/context/ConfigurationWarningsApplicationContextInitializer$ComponentScanPackageCheck done
Event: 7.680 loading class com/fasterxml/classmate/TypeResolver
Event: 7.680 loading class com/fasterxml/classmate/TypeResolver done
Event: 7.680 loading class org/springframework/boot/web/context/WebServerInitializedEvent
Event: 7.680 loading class org/springframework/boot/web/context/WebServerInitializedEvent done


Dynamic libraries:
0x00007ff62d660000 - 0x00007ff62d694000 	C:\Java\jdk1.8.0_05\bin\java.exe
0x00007ffdd07d0000 - 0x00007ffdd097d000 	C:\WINDOWS\SYSTEM32\ntdll.dll
0x00007ffdcf970000 - 0x00007ffdcfaaf000 	C:\WINDOWS\system32\KERNEL32.DLL
0x00007ffdcdd30000 - 0x00007ffdcde45000 	C:\WINDOWS\system32\KERNELBASE.dll
0x00007ffdcc4c0000 - 0x00007ffdcc54e000 	C:\WINDOWS\system32\apphelp.dll
0x00007ffdc98f0000 - 0x00007ffdc9945000 	C:\WINDOWS\AppPatch\AppPatch64\AcGenral.DLL
0x00007ffdcfde0000 - 0x00007ffdcfe8a000 	C:\WINDOWS\system32\msvcrt.dll
0x00007ffdcdd00000 - 0x00007ffdcdd2e000 	C:\WINDOWS\system32\SspiCli.dll
0x00007ffdce3e0000 - 0x00007ffdce434000 	C:\WINDOWS\system32\SHLWAPI.dll
0x00007ffdcfac0000 - 0x00007ffdcfc37000 	C:\WINDOWS\system32\USER32.dll
0x00007ffdce240000 - 0x00007ffdce3d5000 	C:\WINDOWS\system32\ole32.dll
0x00007ffdce440000 - 0x00007ffdcf96e000 	C:\WINDOWS\system32\SHELL32.dll
0x00007ffdcceb0000 - 0x00007ffdcced1000 	C:\WINDOWS\SYSTEM32\USERENV.dll
0x00007ffdd0530000 - 0x00007ffdd05da000 	C:\WINDOWS\system32\ADVAPI32.dll
0x00007ffdbd9f0000 - 0x00007ffdbda0e000 	C:\WINDOWS\SYSTEM32\MPR.dll
0x00007ffdcfc40000 - 0x00007ffdcfd80000 	C:\WINDOWS\system32\RPCRT4.dll
0x00007ffdcfd80000 - 0x00007ffdcfdd8000 	C:\WINDOWS\SYSTEM32\sechost.dll
0x00007ffdd02a0000 - 0x00007ffdd04b1000 	C:\WINDOWS\SYSTEM32\combase.dll
0x00007ffdcde50000 - 0x00007ffdcdf9d000 	C:\WINDOWS\system32\GDI32.dll
0x00007ffdcd8f0000 - 0x00007ffdcd905000 	C:\WINDOWS\SYSTEM32\profapi.dll
0x00007ffdcba00000 - 0x00007ffdcbab2000 	C:\WINDOWS\SYSTEM32\SHCORE.dll
0x00007ffdce0d0000 - 0x00007ffdce106000 	C:\WINDOWS\system32\IMM32.DLL
0x00007ffdcff60000 - 0x00007ffdd00b1000 	C:\WINDOWS\system32\MSCTF.dll
0x00007ffdca560000 - 0x00007ffdca7db000 	C:\WINDOWS\WinSxS\amd64_microsoft.windows.common-controls_6595b64144ccf1df_6.0.9600.19394_none_62486577ecb635cf\COMCTL32.dll
0x00000000666d0000 - 0x00000000667a2000 	C:\Java\jdk1.8.0_05\jre\bin\msvcr100.dll
0x0000000065ea0000 - 0x00000000666ca000 	C:\Java\jdk1.8.0_05\jre\bin\server\jvm.dll
0x00007ffdc3720000 - 0x00007ffdc3729000 	C:\WINDOWS\SYSTEM32\WSOCK32.dll
0x00007ffdc68c0000 - 0x00007ffdc68e2000 	C:\WINDOWS\SYSTEM32\WINMM.dll
0x00007ffdcfab0000 - 0x00007ffdcfab7000 	C:\WINDOWS\system32\PSAPI.DLL
0x00007ffdd04d0000 - 0x00007ffdd052a000 	C:\WINDOWS\system32\WS2_32.dll
0x00007ffdc6580000 - 0x00007ffdc65aa000 	C:\WINDOWS\SYSTEM32\WINMMBASE.dll
0x00007ffdd04c0000 - 0x00007ffdd04c9000 	C:\WINDOWS\system32\NSI.dll
0x00007ffdcdcb0000 - 0x00007ffdcdcff000 	C:\WINDOWS\SYSTEM32\cfgmgr32.dll
0x00007ffdcc720000 - 0x00007ffdcc748000 	C:\WINDOWS\SYSTEM32\DEVOBJ.dll
0x0000000065e90000 - 0x0000000065e9f000 	C:\Java\jdk1.8.0_05\jre\bin\verify.dll
0x0000000065e60000 - 0x0000000065e88000 	C:\Java\jdk1.8.0_05\jre\bin\java.dll
0x0000000065e10000 - 0x0000000065e33000 	C:\Java\jdk1.8.0_05\jre\bin\instrument.dll
0x0000000065e40000 - 0x0000000065e56000 	C:\Java\jdk1.8.0_05\jre\bin\zip.dll
0x00007ffdbe4c0000 - 0x00007ffdbe4da000 	C:\Users\pc\AppData\Local\JetBrains\Toolbox\apps\IDEA-C\ch-0\203.5981.155\bin\breakgen64.dll
0x0000000065df0000 - 0x0000000065e0a000 	C:\JAVA\jdk1.8.0_05\jre\bin\net.dll
0x00007ffdcd130000 - 0x00007ffdcd189000 	C:\WINDOWS\system32\mswsock.dll
0x0000000065da0000 - 0x0000000065db1000 	C:\JAVA\jdk1.8.0_05\jre\bin\nio.dll
0x0000000065d90000 - 0x0000000065d9d000 	C:\JAVA\jdk1.8.0_05\jre\bin\management.dll
0x00007ffdc1e70000 - 0x00007ffdc1e85000 	C:\WINDOWS\system32\napinsp.dll
0x00007ffdc1e50000 - 0x00007ffdc1e6a000 	C:\WINDOWS\system32\pnrpnsp.dll
0x00007ffdc8bd0000 - 0x00007ffdc8beb000 	C:\WINDOWS\system32\NLAapi.dll
0x00007ffdccf20000 - 0x00007ffdccfc4000 	C:\WINDOWS\SYSTEM32\DNSAPI.dll
0x00007ffdc1e40000 - 0x00007ffdc1e4d000 	C:\WINDOWS\System32\winrnr.dll
0x00007ffdc1e20000 - 0x00007ffdc1e34000 	C:\WINDOWS\system32\wshbth.dll
0x00007ffdc1e10000 - 0x00007ffdc1e1a000 	C:\Windows\System32\rasadhlp.dll
0x00007ffdc8620000 - 0x00007ffdc864a000 	C:\WINDOWS\SYSTEM32\IPHLPAPI.DLL
0x00007ffdc85f0000 - 0x00007ffdc85fa000 	C:\WINDOWS\SYSTEM32\WINNSI.DLL
0x00007ffdc8190000 - 0x00007ffdc81fb000 	C:\WINDOWS\System32\fwpuclnt.dll

VM Arguments:
jvm_args: -ea -Didea.test.cyclic.buffer.size=1048576 -javaagent:C:\Users\pc\AppData\Local\JetBrains\Toolbox\apps\IDEA-C\ch-0\203.5981.155\lib\idea_rt.jar=50721:C:\Users\pc\AppData\Local\JetBrains\Toolbox\apps\IDEA-C\ch-0\203.5981.155\bin -Dfile.encoding=UTF-8 
java_command: com.intellij.rt.junit.JUnitStarter -ideVersion5 com.example.org.springboot.web.HelloControllerTest,hello가_리턴된다
java_class_path (initial): C:\Users\pc\AppData\Local\JetBrains\Toolbox\apps\IDEA-C\ch-0\203.5981.155\lib\idea_rt.jar;C:\Users\pc\AppData\Local\JetBrains\Toolbox\apps\IDEA-C\ch-0\203.5981.155\plugins\junit\lib\junit5-rt.jar;C:\Users\pc\AppData\Local\JetBrains\Toolbox\apps\IDEA-C\ch-0\203.5981.155\plugins\junit\lib\junit-rt.jar;C:\JAVA\jdk1.8.0_05\jre\lib\charsets.jar;C:\JAVA\jdk1.8.0_05\jre\lib\deploy.jar;C:\JAVA\jdk1.8.0_05\jre\lib\ext\access-bridge-64.jar;C:\JAVA\jdk1.8.0_05\jre\lib\ext\cldrdata.jar;C:\JAVA\jdk1.8.0_05\jre\lib\ext\dnsns.jar;C:\JAVA\jdk1.8.0_05\jre\lib\ext\jaccess.jar;C:\JAVA\jdk1.8.0_05\jre\lib\ext\jfxrt.jar;C:\JAVA\jdk1.8.0_05\jre\lib\ext\localedata.jar;C:\JAVA\jdk1.8.0_05\jre\lib\ext\nashorn.jar;C:\JAVA\jdk1.8.0_05\jre\lib\ext\sunec.jar;C:\JAVA\jdk1.8.0_05\jre\lib\ext\sunjce_provider.jar;C:\JAVA\jdk1.8.0_05\jre\lib\ext\sunmscapi.jar;C:\JAVA\jdk1.8.0_05\jre\lib\ext\sunpkcs11.jar;C:\JAVA\jdk1.8.0_05\jre\lib\ext\zipfs.jar;C:\JAVA\jdk1.8.0_05\jre\lib\javaws.jar;C:\JAVA\jdk1.8.0_05\jre\lib\jce.jar;C:\JAVA\jdk1.8.0_05\jre\lib\jfr.jar;C:\JAVA\jdk1.8.0_05\jre\lib\jfxswt.jar;C:\JAVA\jdk1.8.0_05\jre\lib\jsse.jar;C:\JAVA\jdk1.8.0_05\jre\lib\management-agent.jar;C:\JAVA\jdk1.8.0_05\jre\lib\plugin.jar;C:\JAVA\jdk1.8.0_05\jre\lib\resources.jar;C:\JAVA\jdk1.8.0_05\jre\lib\rt.jar;C:\Users\pc\IdeaProjects\LunchMenu\out\test\classes;C:\Users\pc\IdeaProjects\LunchMenu\out\production\classes;C:\Users\pc\IdeaProjects\LunchMenu\out\production\resources;C:\Users\pc\.gradle\caches\modules-2\files-2.1\org.springframework.boot\spring-boot-starter-web\2.1.7.RELEASE\fa43baf40bde3ecdb93ac9c545dd39f82ab29c35\spring-boot-starter-web-2.1.7.RELEASE.jar;C:\Users\pc\.gradle\caches\modules-2\files-2.1\org.projectlombok\lombok\1.18.8\448003bc1b234aac04b58e27d7755c12c3ec4236\lombok-1.18.8.jar;C:\Users\pc\.gradle\caches\modules-2\files-2.1\org.springframework.boot\spring-boot-starter-test\2.1.7.RELEASE\39e82379a28c217ab892eb00ef601dc0571f56a4\spring-boot-starter-test-2.1.7.RELEASE.j
Launcher Type: SUN_STANDARD

Environment Variables:
JAVA_HOME=C:\JAVA\jdk1.8.0_05
PATH=C:\ProgramData\Anaconda3;C:\ProgramData\Anaconda3\Library\mingw-w64\bin;C:\ProgramData\Anaconda3\Library\usr\bin;C:\ProgramData\Anaconda3\Library\bin;C:\ProgramData\Anaconda3\Scripts;C:\Program Files (x86)\NAT Service;C:\oraclexe\app\oracle\product\11.2.0\server\bin;C:\Program Files (x86)\Wizvera\Delfino;C:\Program Files (x86)\Intel\iCLS Client\;C:\Program Files\Intel\iCLS Client\;C:\WINDOWS\system32;C:\WINDOWS;C:\WINDOWS\System32\Wbem;C:\WINDOWS\System32\WindowsPowerShell\v1.0\;C:\Program Files (x86)\Intel\OpenCL SDK\2.0\bin\x86;C:\Program Files (x86)\Intel\OpenCL SDK\2.0\bin\x64;C:\Program Files (x86)\Windows Live\Shared;C:\Program Files\Condusiv Technologies\IntelliMemory\;C:\Program Files\Intel\WiFi\bin\;C:\Program Files\Common Files\Intel\WirelessCommon\;C:\Program Files\Intel\Intel(R) Management Engine Components\DAL;C:\Program Files\Intel\Intel(R) Management Engine Components\IPT;C:\Program Files (x86)\Intel\Intel(R) Management Engine Components\DAL;C:\Program Files (x86)\Intel\Intel(R) Management Engine Components\IPT;C:\Program Files\Microsoft VS Code\bin;C:\Program Files\Git\cmd; C:\JAVA\jdk1.8.0_05\bin\;
USERNAME=pc
OS=Windows_NT
PROCESSOR_IDENTIFIER=Intel64 Family 6 Model 58 Stepping 9, GenuineIntel



---------------  S Y S T E M  ---------------

OS: Windows 8.1 , 64 bit Build 9600 

CPU:total 4 (2 cores per cpu, 2 threads per core) family 6 model 58 stepping 9, cmov, cx8, fxsr, mmx, sse, sse2, sse3, ssse3, sse4.1, sse4.2, popcnt, avx, clmul, erms, ht, tsc, tscinvbit

Memory: 4k page, physical 3806752k(220196k free), swap 6952484k(53848k free)

vm_info: Java HotSpot(TM) 64-Bit Server VM (25.5-b02) for windows-amd64 JRE (1.8.0_05-b13), built on Mar 18 2014 01:08:39 by "java_re" with MS VC++ 10.0 (VS2010)

time: Sun Dec 06 23:15:12 2020
elapsed time: 8 seconds

