JvmtiExport can_access_local_variables 0
JvmtiExport can_hotswap_or_post_breakpoint 0
JvmtiExport can_post_on_exceptions 0
# 332 ciObject found
ciMethod java/lang/Object <init> ()V 4097 1 145222 0 0
ciMethod java/lang/String <init> ([C)V 2161 1 1788 0 -1
ciMethod java/lang/String <init> ([CII)V 4097 1 5666 0 -1
ciMethod java/lang/String length ()I 4097 1 99095 0 -1
ciMethod java/lang/String charAt (I)C 4097 1 368995 0 -1
ciMethod java/lang/String equalsIgnoreCase (Ljava/lang/String;)Z 2049 1 5377 0 -1
ciMethod java/lang/String regionMatches (ZILjava/lang/String;II)Z 2049 625 5386 0 -1
ciMethod java/lang/String startsWith (Ljava/lang/String;I)Z 4097 3609 5635 0 384
ciMethod java/lang/String startsWith (Ljava/lang/String;)Z 3121 1 42738 0 320
ciMethod java/lang/String endsWith (Ljava/lang/String;)Z 2081 1 27844 0 384
ciMethod java/lang/String indexOf (II)I 1689 49153 669 0 -1
ciMethod java/lang/String indexOf (Ljava/lang/String;)I 2049 1 16093 0 -1
ciMethod java/lang/String substring (II)Ljava/lang/String; 3073 1 5563 0 -1
ciMethod java/lang/String toLowerCase ()Ljava/lang/String; 2065 1 748 0 -1
ciMethod java/lang/String toCharArray ()[C 3073 1 7526 0 0
ciMethod java/lang/System getSecurityManager ()Ljava/lang/SecurityManager; 4097 1 13111 0 -1
ciMethod java/lang/System arraycopy (Ljava/lang/Object;ILjava/lang/Object;II)V 31745 1 3968 0 -1
ciMethod java/lang/Throwable getMessage ()Ljava/lang/String; 17 1 2 0 -1
ciMethod java/lang/Throwable initCause (Ljava/lang/Throwable;)Ljava/lang/Throwable; 41 1 6 0 -1
ciMethod java/lang/SecurityManager checkPermission (Ljava/security/Permission;)V 0 0 1 0 -1
ciMethod java/lang/SecurityManager checkRead (Ljava/lang/String;)V 0 0 1 0 -1
ciMethod java/lang/SecurityManager checkConnect (Ljava/lang/String;I)V 0 0 1 0 -1
ciMethod java/lang/StringBuilder <init> ()V 2385 1 19495 0 -1
ciMethod java/lang/StringBuilder append (Ljava/lang/String;)Ljava/lang/StringBuilder; 4097 1 52664 0 -1
ciMethod java/lang/StringBuilder toString ()Ljava/lang/String; 2377 1 22087 0 -1
ciMethod java/nio/Buffer position ()I 1025 1 128 0 0
ciMethod java/nio/Buffer position (I)Ljava/nio/Buffer; 969 1 683 0 -1
ciMethod java/nio/Buffer remaining ()I 977 1 122 0 -1
ciMethod java/nio/Buffer hasRemaining ()Z 753 1 94 0 -1
ciMethod java/lang/Character isSurrogate (C)Z 0 0 658 0 -1
ciMethod java/lang/Byte toUnsignedInt (B)I 0 0 17 0 -1
ciMethod java/security/Permission getName ()Ljava/lang/String; 961 1 114 0 -1
ciMethod java/security/Permission getActions ()Ljava/lang/String; 0 0 1 0 -1
ciMethod java/security/AccessController doPrivileged (Ljava/security/PrivilegedExceptionAction;)Ljava/lang/Object; 1545 1 193 4 -1
ciMethod java/util/AbstractCollection <init> ()V 833 1 8216 0 0
ciMethod java/lang/Math min (II)I 4097 1 33988 0 -1
ciMethod java/nio/charset/Charset newEncoder ()Ljava/nio/charset/CharsetEncoder; 0 0 1 0 -1
ciMethod java/util/AbstractMap <init> ()V 953 1 2791 0 0
ciMethod java/util/Set add (Ljava/lang/Object;)Z 0 0 1 0 -1
ciMethod java/util/AbstractSet <init> ()V 121 1 1898 0 0
ciMethod java/util/HashMap <init> ()V 297 1 1854 0 0
ciMethod java/util/HashMap get (Ljava/lang/Object;)Ljava/lang/Object; 2049 1 5518 0 -1
ciMethod java/util/Arrays copyOf ([BI)[B 3081 1 9855 0 0
ciMethodData java/lang/Object <init> ()V 2 145224 orig 144 152 11 68 102 0 0 0 0 136 4 226 19 0 0 0 0 168 0 0 0 0 0 0 0 0 0 0 0 0 0 0 0 0 0 0 0 0 0 0 0 0 0 0 0 0 0 0 0 0 0 0 0 0 0 0 0 0 0 0 0 0 0 0 0 1 0 0 0 0 0 0 0 1 0 0 0 0 0 0 0 1 0 0 0 0 0 0 0 0 0 0 0 0 0 0 0 0 2 0 0 65 170 17 0 1 0 0 0 0 0 0 0 0 0 0 0 0 0 3 0 3 0 0 0 0 0 0 0 255 255 255 255 0 0 0 0 0 0 0 0 0 0 0 0 data 0 oops 0
ciMethod sun/nio/cs/ArrayDecoder decode ([BII[C)I 0 0 1 0 -1
ciMethod java/nio/charset/CharsetDecoder maxCharsPerByte ()F 2065 1 484 0 -1
ciMethod java/nio/charset/CharsetDecoder decode (Ljava/nio/ByteBuffer;Ljava/nio/CharBuffer;Z)Ljava/nio/charset/CoderResult; 185 1 49 0 -1
ciMethod java/nio/charset/CharsetDecoder flush (Ljava/nio/CharBuffer;)Ljava/nio/charset/CoderResult; 0 0 1 0 -1
ciMethod java/nio/charset/CharsetDecoder reset ()Ljava/nio/charset/CharsetDecoder; 65 1 31 0 -1
ciMethod java/util/Objects requireNonNull (Ljava/lang/Object;Ljava/lang/String;)Ljava/lang/Object; 2049 1 823 0 0
ciMethod sun/nio/cs/UTF_8 newEncoder ()Ljava/nio/charset/CharsetEncoder; 729 1 91 0 0
ciMethod sun/nio/cs/ArrayEncoder encode ([CII[B)I 0 0 1 0 -1
ciMethod sun/nio/cs/UTF_8$Encoder encode ([CII[B)I 1089 25865 843 0 -1
ciMethod sun/nio/cs/UTF_8$Encoder <init> (Ljava/nio/charset/Charset;Lsun/nio/cs/UTF_8$1;)V 729 1 91 0 -1
ciMethod java/nio/charset/CharsetEncoder malformedInputAction ()Ljava/nio/charset/CodingErrorAction; 0 0 1 0 -1
ciMethod java/nio/charset/CharsetEncoder onMalformedInput (Ljava/nio/charset/CodingErrorAction;)Ljava/nio/charset/CharsetEncoder; 425 1 100 0 0
ciMethod java/nio/charset/CharsetEncoder implOnMalformedInput (Ljava/nio/charset/CodingErrorAction;)V 425 1 100 0 -1
ciMethod java/nio/charset/CharsetEncoder onUnmappableCharacter (Ljava/nio/charset/CodingErrorAction;)Ljava/nio/charset/CharsetEncoder; 425 1 100 0 0
ciMethod java/nio/charset/CharsetEncoder implOnUnmappableCharacter (Ljava/nio/charset/CodingErrorAction;)V 425 1 100 0 -1
ciMethod java/nio/charset/CharsetEncoder maxBytesPerChar ()F 2049 1 5517 0 0
ciMethod java/nio/charset/CharsetEncoder encode (Ljava/nio/CharBuffer;Ljava/nio/ByteBuffer;Z)Ljava/nio/charset/CoderResult; 0 0 28 0 0
ciMethod java/nio/charset/CharsetEncoder flush (Ljava/nio/ByteBuffer;)Ljava/nio/charset/CoderResult; 0 0 1 0 0
ciMethod java/nio/charset/CharsetEncoder implFlush (Ljava/nio/ByteBuffer;)Ljava/nio/charset/CoderResult; 0 0 1 0 -1
ciMethod java/nio/charset/CharsetEncoder reset ()Ljava/nio/charset/CharsetEncoder; 2049 1 5381 0 0
ciMethod java/nio/charset/CharsetEncoder implReset ()V 2049 1 5381 0 0
ciMethod java/nio/charset/CharsetEncoder encodeLoop (Ljava/nio/CharBuffer;Ljava/nio/ByteBuffer;)Ljava/nio/charset/CoderResult; 0 0 1 0 -1
ciMethod java/nio/charset/CharsetEncoder throwIllegalStateException (II)V 0 0 1 0 -1
ciMethod java/nio/ByteBuffer wrap ([BII)Ljava/nio/ByteBuffer; 25 1 372 0 -1
ciMethod java/nio/ByteBuffer wrap ([B)Ljava/nio/ByteBuffer; 25 1 372 0 0
ciMethod java/nio/ByteBuffer put ([B)Ljava/nio/ByteBuffer; 0 0 1 0 -1
ciMethod java/nio/CharBuffer wrap ([CII)Ljava/nio/CharBuffer; 57 1 57 0 -1
ciMethod java/nio/CharBuffer wrap ([C)Ljava/nio/CharBuffer; 0 0 1 0 0
ciMethod java/nio/charset/CoderResult isUnderflow ()Z 185 1 146 0 0
ciMethod java/nio/charset/CoderResult isOverflow ()Z 625 1 78 0 -1
ciMethod java/nio/charset/CoderResult isMalformed ()Z 0 0 1 0 -1
ciMethod java/nio/charset/CoderResult isUnmappable ()Z 0 0 1 0 -1
ciMethod java/nio/charset/CoderResult length ()I 0 0 1 0 -1
ciMethod java/nio/charset/CoderResult malformedForLength (I)Ljava/nio/charset/CoderResult; 0 0 1 0 -1
ciMethod sun/misc/MetaIndex mayContain (Ljava/lang/String;)Z 1473 6545 3364 0 640
ciMethod sun/net/www/ParseUtil encodePath (Ljava/lang/String;Z)Ljava/lang/String; 1025 97481 819 0 3584
ciMethod sun/net/www/ParseUtil escape ([CCI)I 0 0 1 0 -1
ciMethod java/util/BitSet get (I)Z 4097 1 2008 0 -1
ciMethod java/net/URL <init> (Ljava/net/URL;Ljava/lang/String;)V 2049 1 3816 0 0
ciMethod java/net/URL <init> (Ljava/net/URL;Ljava/lang/String;Ljava/net/URLStreamHandler;)V 2041 5377 8140 4 -1
ciMethod java/net/URL isValidProtocol (Ljava/lang/String;)Z 1 1 95 0 -1
ciMethod java/net/URL checkSpecifyHandler (Ljava/lang/SecurityManager;)V 0 0 1 0 -1
ciMethod java/net/URL getPort ()I 1041 1 130 0 -1
ciMethod java/net/URL getHost ()Ljava/lang/String; 1025 1 128 0 -1
ciMethod java/net/URL openConnection ()Ljava/net/URLConnection; 409 1 59 0 -1
ciMethod java/net/URL getURLStreamHandler (Ljava/lang/String;)Ljava/net/URLStreamHandler; 849 9 204 0 -1
ciMethod java/net/URLStreamHandler parseURL (Ljava/net/URL;Ljava/lang/String;II)V 2041 1 10885 0 -1
ciMethod java/util/HashSet <init> ()V 65 1 456 0 0
ciMethod sun/misc/URLClassPath check (Ljava/net/URL;)V 25 1 405 0 0
ciMethod sun/net/util/URLUtil urlNoFragString (Ljava/net/URL;)Ljava/lang/String; 513 1 148 0 -1
ciMethod sun/misc/URLClassPath$JarLoader ensureOpen ()V 1209 1 4379 2 0
ciMethod sun/misc/URLClassPath$JarLoader getIndex ()Lsun/misc/JarIndex; 0 0 1 0 -1
ciMethod sun/misc/URLClassPath$JarLoader checkResource (Ljava/lang/String;ZLjava/util/jar/JarEntry;)Lsun/misc/Resource; 57 1 411 0 0
ciMethod sun/misc/URLClassPath$JarLoader validIndex (Ljava/lang/String;)Z 0 0 14 0 -1
ciMethod sun/misc/URLClassPath$JarLoader getResource (Ljava/lang/String;Z)Lsun/misc/Resource; 2153 1 7571 0 -1
ciMethod sun/misc/URLClassPath$JarLoader getResource (Ljava/lang/String;ZLjava/util/Set;)Lsun/misc/Resource; 25 1 2937 0 -1
ciMethod sun/misc/URLClassPath$Loader getBaseURL ()Ljava/net/URL; 1033 1 129 0 0
ciMethod java/util/zip/ZipFile getEntry (Ljava/lang/String;)Ljava/util/zip/ZipEntry; 1209 1 4455 0 0
ciMethod java/util/zip/ZipFile getEntry (J[BZ)J 3521 1 440 0 -1
ciMethod java/util/zip/ZipFile freeEntry (JJ)V 2065 1 258 0 -1
ciMethod java/util/zip/ZipFile getZipEntry (Ljava/lang/String;J)Ljava/util/zip/ZipEntry; 673 1 538 0 0
ciMethod java/util/zip/ZipFile ensureOpen ()V 2049 1 5376 0 96
ciMethod java/util/zip/ZipFile getEntryTime (J)J 3081 1 385 0 -1
ciMethod java/util/zip/ZipFile getEntryCrc (J)J 4105 1 513 0 -1
ciMethod java/util/zip/ZipFile getEntryCSize (J)J 2049 1 256 0 -1
ciMethod java/util/zip/ZipFile getEntrySize (J)J 2049 1 256 0 -1
ciMethod java/util/zip/ZipFile getEntryMethod (J)I 2049 1 256 0 -1
ciMethod java/util/zip/ZipFile getEntryFlag (J)I 3081 1 385 0 -1
ciMethod java/util/zip/ZipFile getEntryBytes (JI)[B 2049 1 256 0 -1
ciMethod java/security/PrivilegedActionException getException ()Ljava/lang/Exception; 1025 1 128 0 0
ciMethod sun/misc/URLClassPath$JarLoader$1 <init> (Lsun/misc/URLClassPath$JarLoader;)V 281 1 76 0 0
ciMethod java/util/jar/JarFile getJarEntry (Ljava/lang/String;)Ljava/util/jar/JarEntry; 1209 1 4410 0 0
ciMethod java/util/jar/JarFile getEntry (Ljava/lang/String;)Ljava/util/zip/ZipEntry; 1209 1 4455 0 0
ciMethod java/util/zip/ZipCoder toString ([BI)Ljava/lang/String; 0 0 14 0 0
ciMethod java/util/zip/ZipCoder getBytes (Ljava/lang/String;)[B 2049 1 5381 0 1600
ciMethod java/util/zip/ZipCoder toStringUTF8 ([BI)Ljava/lang/String; 0 0 1 0 0
ciMethod java/util/zip/ZipCoder isUTF8 ()Z 1025 1 128 0 0
ciMethod java/util/zip/ZipCoder <init> (Ljava/nio/charset/Charset;)V 673 1 84 0 -1
ciMethod java/util/zip/ZipCoder decoder ()Ljava/nio/charset/CharsetDecoder; 129 1 14 0 -1
ciMethod java/util/zip/ZipCoder encoder ()Ljava/nio/charset/CharsetEncoder; 2049 1 5381 0 0
ciMethod sun/misc/JarIndex get (Ljava/lang/String;)Ljava/util/LinkedList; 2057 1 2960 0 -1
ciMethod java/util/zip/ZipEntry <init> (Ljava/util/zip/ZipEntry;)V 305 1 290 0 0
ciMethod java/util/zip/ZipEntry <init> ()V 1697 1 541 0 0
ciMethod java/util/zip/ZipEntry setExtra0 ([BZ)V 1697 1 1808 0 0
ciMethod java/util/zip/ZipUtils winTimeToFileTime (J)Ljava/nio/file/attribute/FileTime; 0 0 1 0 -1
ciMethod java/util/zip/ZipUtils unixTimeToFileTime (J)Ljava/nio/file/attribute/FileTime; 0 0 2 0 -1
ciMethod java/util/zip/ZipUtils dosToJavaTime (J)J 1697 1 1808 0 0
ciMethod java/util/zip/ZipUtils get16 ([BI)I 0 0 8 0 -1
ciMethod java/util/zip/ZipUtils get32 ([BI)J 0 0 2 0 -1
ciMethod java/util/zip/ZipUtils get64 ([BI)J 0 0 1 0 -1
ciMethod java/util/Date <init> (IIIIII)V 2721 1 1809 0 -1
ciMethod java/util/Date getTime ()J 2737 1 1839 0 -1
ciMethod java/util/jar/JarFile$JarFileEntry <init> (Ljava/util/jar/JarFile;Ljava/util/zip/ZipEntry;)V 305 1 276 0 0
ciMethod java/util/jar/JarEntry <init> (Ljava/util/zip/ZipEntry;)V 305 1 290 0 0
ciMethod sun/misc/URLClassPath$JarLoader$2 <init> (Lsun/misc/URLClassPath$JarLoader;Ljava/lang/String;Ljava/net/URL;Ljava/util/jar/JarEntry;)V 2105 1 417 0 0
ciMethod sun/misc/Resource <init> ()V 841 1 428 0 0
ciMethod java/net/URLConnection getPermission ()Ljava/security/Permission; 0 0 1 0 -1
ciMethodData java/lang/String toCharArray ()[C 2 7526 orig 144 152 11 68 102 0 0 0 0 96 110 226 19 0 0 0 0 184 0 0 0 0 0 0 0 0 0 0 0 0 0 0 0 0 0 0 0 0 0 0 0 0 0 0 0 0 0 0 0 0 0 0 0 0 0 0 0 0 0 0 0 0 0 0 0 0 0 0 0 0 0 0 0 0 0 0 0 0 0 0 0 0 0 0 0 0 0 0 0 0 0 0 0 0 0 0 0 128 1 0 0 49 223 0 0 1 0 0 0 0 0 0 0 0 0 0 0 0 0 3 0 3 0 1 0 16 0 0 0 255 255 255 255 0 0 0 0 2 0 20 0 0 0 0 0 data 2 0x140002 0x1be6 oops 0
ciMethodData java/lang/String startsWith (Ljava/lang/String;I)Z 2 12967 orig 144 152 11 68 102 0 0 0 0 120 77 226 19 0 0 0 0 56 1 0 0 32 0 0 0 0 0 0 0 0 0 0 0 0 0 0 0 0 0 0 0 0 0 0 0 0 0 0 0 0 0 0 0 0 0 0 0 0 0 0 0 0 0 0 0 0 0 0 0 0 0 0 0 0 0 0 0 0 0 0 0 0 0 0 0 0 0 0 0 0 0 0 0 0 0 0 0 0 2 0 0 25 160 0 0 33 135 1 0 0 0 0 0 0 0 0 0 1 0 13 0 4 0 1 0 128 0 0 0 255 255 255 255 0 0 0 0 7 0 25 0 0 0 0 0 data 16 0x190007 0x5 0x40 0x13fe 0x250007 0x1322 0x20 0xdc 0x2f0007 0x22b 0x40 0x3102 0x410007 0x200b 0xffffffffffffffe0 0x10f7 oops 0
ciMethodData java/lang/String startsWith (Ljava/lang/String;)Z 2 42752 orig 144 152 11 68 102 0 0 0 0 16 78 226 19 0 0 0 0 224 0 0 0 0 0 0 0 0 0 0 0 0 0 0 0 0 0 0 0 0 0 0 0 0 0 0 0 0 0 0 0 0 0 0 0 0 0 0 0 0 0 0 0 0 0 0 0 0 0 0 0 0 0 0 0 0 0 0 0 0 0 0 0 0 0 0 0 0 0 0 0 0 0 0 0 0 0 0 0 134 1 0 0 209 43 5 0 1 0 0 0 0 0 0 0 0 0 0 0 0 0 3 0 4 0 1 0 48 0 0 0 255 255 255 255 0 0 0 0 5 0 3 0 0 0 0 0 data 6 0x30005 0x0 0x147d2e00 0xa57e 0x0 0x0 oops 1